[31m[1mCould not resolve rosdep key 'libogre' for distro 'sid':[0m
[31m[1mTry to resolve the problem with rosdep and then continue.[0m
ROS Distro index file associate with commit 'b7ece7698b251e46c165aec9ae3ffaac4e85ea88'[0m
New ROS Distro index url: 'https://raw.githubusercontent.com/ros/rosdistro/b7ece7698b251e46c165aec9ae3ffaac4e85ea88/index-v4.yaml'[0m
[1m[32m==> [0m[0mGenerating debs for [36mdebian:sid[0m for package(s) ['rviz'][0m[0m
No definition of [libogre] for OS version [sid]
	rosdep key : libogre
	OS name    : debian
	OS version : sid
	Data:
arch:
		- ogre
		debian:
		  bookworm:
		  - libogre-1.12-dev
		  buster:
		  - libogre-1.9.0v5
		  stretch:
		  - libogre-1.9.0v5
		  wheezy:
		  - libogre-dev
		fedora:
		- ogre-devel
		freebsd:
		- ogre3d
		gentoo:
		- dev-games/ogre
		macports:
		- ogre
		nixos:
		- ogre1_9
		openembedded:
		- ogre@meta-ros-common
		opensuse:
		- ogre-devel
		slackware:
		- ogre
		ubuntu:
		- libogre-1.9.0v5
		
[31m[1merror: (25, 'Inappropriate ioctl for device')[0m
